0 info it worked if it ends with ok
1 verbose cli [ '/Users/Dietmar/.nvm/versions/node/v4.0.0/bin/node',
1 verbose cli   '/Users/Dietmar/.nvm/versions/node/v4.0.0/bin/npm',
1 verbose cli   'start' ]
2 info using npm@4.1.1
3 info using node@v4.0.0
4 verbose run-script [ 'prestart', 'start', 'poststart' ]
5 info lifecycle @~prestart: @
6 silly lifecycle @~prestart: no script for prestart, continuing
7 info lifecycle @~start: @
8 verbose lifecycle @~start: unsafe-perm in lifecycle true
9 verbose lifecycle @~start: PATH: /Users/Dietmar/.nvm/versions/node/v4.0.0/lib/node_modules/npm/bin/node-gyp-bin:/Users/Dietmar/Documents/• Reinblau/• RB-Projekte/wosonos23/node_modules/.bin:/Applications/MAMP/bin/php/php5.6.40/bin/:/Users/Dietmar/.nvm/versions/node/v4.0.0/bin:/Users/Dietmar/.composer/vendor/bin:/Users/Dietmar/.rvm/gems/ruby-2.3.4/bin:/Users/Dietmar/.rvm/gems/ruby-2.3.4@global/bin:/Users/Dietmar/.rvm/rubies/ruby-2.3.4/bin:/usr/local/bin:/System/Cryptexes/App/usr/bin:/usr/bin:/bin:/usr/sbin:/sbin:/usr/local/MacGPG2/bin:/Library/Apple/usr/bin:/Applications/Wireshark.app/Contents/MacOS:/Applications/MAMP/bin/php/php5.6.40/bin/:/Users/Dietmar/.composer/vendor/bin:/Users/Dietmar/.rvm/gems/ruby-2.3.4/bin:/Users/Dietmar/.rvm/gems/ruby-2.3.4@global/bin:/Users/Dietmar/.rvm/rubies/ruby-2.3.4/bin:/Users/Dietmar/.rvm/bin:/Users/Dietmar/.rvm/bin:/Users/Dietmar/.rvm/bin
10 verbose lifecycle @~start: CWD: /Users/Dietmar/Documents/• Reinblau/• RB-Projekte/wosonos23
11 silly lifecycle @~start: Args: [ '-c', 'npm-run-all --parallel css eleventy browsersync' ]
12 silly lifecycle @~start: Returned: code: 1  signal: null
13 info lifecycle @~start: Failed to exec start script
14 verbose stack Error: @ start: `npm-run-all --parallel css eleventy browsersync`
14 verbose stack Exit status 1
14 verbose stack     at EventEmitter.<anonymous> (/Users/Dietmar/.nvm/versions/node/v4.0.0/lib/node_modules/npm/lib/utils/lifecycle.js:279:16)
14 verbose stack     at emitTwo (events.js:87:13)
14 verbose stack     at EventEmitter.emit (events.js:172:7)
14 verbose stack     at ChildProcess.<anonymous> (/Users/Dietmar/.nvm/versions/node/v4.0.0/lib/node_modules/npm/lib/utils/spawn.js:40:14)
14 verbose stack     at emitTwo (events.js:87:13)
14 verbose stack     at ChildProcess.emit (events.js:172:7)
14 verbose stack     at maybeClose (internal/child_process.js:817:16)
14 verbose stack     at Process.ChildProcess._handle.onexit (internal/child_process.js:211:5)
15 verbose pkgid @
16 verbose cwd /Users/Dietmar/Documents/• Reinblau/• RB-Projekte/wosonos23
17 error Darwin 22.1.0
18 error argv "/Users/Dietmar/.nvm/versions/node/v4.0.0/bin/node" "/Users/Dietmar/.nvm/versions/node/v4.0.0/bin/npm" "start"
19 error node v4.0.0
20 error npm  v4.1.1
21 error code ELIFECYCLE
22 error @ start: `npm-run-all --parallel css eleventy browsersync`
22 error Exit status 1
23 error Failed at the @ start script 'npm-run-all --parallel css eleventy browsersync'.
23 error Make sure you have the latest version of node.js and npm installed.
23 error If you do, this is most likely a problem with the  package,
23 error not with npm itself.
23 error Tell the author that this fails on your system:
23 error     npm-run-all --parallel css eleventy browsersync
23 error You can get information on how to open an issue for this project with:
23 error     npm bugs
23 error Or if that isn't available, you can get their info via:
23 error     npm owner ls
23 error There is likely additional logging output above.
24 verbose exit [ 1, true ]
